<?xml version="1.0" encoding="UTF-8"?>
<testng-results ignored="0" total="1" passed="1" failed="0" skipped="0">
  <reporter-output>
  </reporter-output>
  <suite started-at="2023-08-22T22:51:14 IST" name="Default suite" finished-at="2023-08-22T22:51:36 IST" duration-ms="22123">
    <groups>
    </groups>
    <test started-at="2023-08-22T22:51:14 IST" name="Default test" finished-at="2023-08-22T22:51:36 IST" duration-ms="22123">
      <class name="appiumproject.Appium.LongPress">
        <test-method is-config="true" signature="configureAppium()[pri:0, instance:appiumproject.Appium.LongPress@8dbdac1]" started-at="2023-08-22T22:51:14 IST" name="configureAppium" finished-at="2023-08-22T22:51:26 IST" duration-ms="11465" status="PASS">
          <reporter-output>
          </reporter-output>
        </test-method> <!-- configureAppium -->
        <test-method signature="start()[pri:0, instance:appiumproject.Appium.LongPress@8dbdac1]" started-at="2023-08-22T22:51:26 IST" name="start" finished-at="2023-08-22T22:51:36 IST" duration-ms="10026" status="PASS">
          <reporter-output>
          </reporter-output>
        </test-method> <!-- start -->
        <test-method is-config="true" signature="tearDown()[pri:0, instance:appiumproject.Appium.LongPress@8dbdac1]" started-at="2023-08-22T22:51:36 IST" name="tearDown" finished-at="2023-08-22T22:51:36 IST" duration-ms="579" status="PASS">
          <reporter-output>
          </reporter-output>
        </test-method> <!-- tearDown -->
      </class> <!-- appiumproject.Appium.LongPress -->
    </test> <!-- Default test -->
  </suite> <!-- Default suite -->
</testng-results>
